(venv) baydinvlad@Vlads-MacBook-Pro architecture-sprint-6 % kubectl describe deployment scaletestapp
Name:                   scaletestapp
Namespace:              default
CreationTimestamp:      Mon, 03 Feb 2025 21:23:01 +0100
Labels:                 <none>
Annotations:            deployment.kubernetes.io/revision: 1
Selector:               app=scaletestapp
Replicas:               2 desired | 2 updated | 2 total | 2 available | 0 unavailable
StrategyType:           RollingUpdate
MinReadySeconds:        0
RollingUpdateStrategy:  25% max unavailable, 25% max surge
Pod Template:
  Labels:  app=scaletestapp
  Containers:
   scaletestapp:
    Image:      shestera/scaletestapp
    Port:       8080/TCP
    Host Port:  0/TCP
    Limits:
      cpu:     500m
      memory:  20Mi
    Requests:
      cpu:         250m
      memory:      10Mi
    Liveness:      http-get http://:8080/ delay=15s timeout=1s period=20s #success=1 #failure=3
    Readiness:     http-get http://:8080/ delay=5s timeout=1s period=10s #success=1 #failure=3
    Environment:   <none>
    Mounts:        <none>
  Volumes:         <none>
  Node-Selectors:  <none>
  Tolerations:     <none>
Conditions:
  Type           Status  Reason
  ----           ------  ------
  Progressing    True    NewReplicaSetAvailable
  Available      True    MinimumReplicasAvailable
OldReplicaSets:  <none>
NewReplicaSet:   scaletestapp-6bdd4ddf69 (2/2 replicas created)
Events:
  Type    Reason             Age   From                   Message
  ----    ------             ----  ----                   -------
  Normal  ScalingReplicaSet  13m   deployment-controller  Scaled up replica set scaletestapp-6bdd4ddf69 to 2 from 1
